生成启动时间为 2016/3/11 1:09:14。
     1>项目“D:\Orange\toys\VIR_me\cteset\cteset.vcxproj”在节点 2 上(build 个目标)。
     1>InitializeBuildStatus:
         正在创建“Debug\VIR_me.unsuccessfulbuild”，因为已指定“AlwaysCreate”。
       ClCompile:
         D:\chengxu\vs\VC\bin\CL.exe /c /ZI /nologo /W3 /WX- /Od /Oy- /D _MBCS /Gm /EHsc /RTC1 /MDd /GS /fp:precise /Zc:wchar_t /Zc:forScope /Fo"Debug\\" /Fd"Debug\vc100.pdb" /Gd /TP /analyze- /errorReport:prompt main.cpp readfile.cpp
         readfile.cpp
         main.cpp
         正在生成代码...
       Link:
         D:\chengxu\vs\VC\bin\link.exe /ERRORREPORT:PROMPT /OUT:"D:\Orange\toys\VIR_me\Debug\VIR_me.exe" /NOLOGO libdasm.lib kernel32.lib user32.lib gdi32.lib winspool.lib comdlg32.lib advapi32.lib shell32.lib ole32.lib oleaut32.lib uuid.lib odbc32.lib odbccp32.lib /MANIFEST /ManifestFile:"Debug\VIR_me.exe.intermediate.manifest" /MANIFESTUAC:"level='asInvoker' uiAccess='false'" /DEBUG /PDB:"D:\Orange\toys\VIR_me\Debug\VIR_me.pdb" /TLBID:1 /DYNAMICBASE /NXCOMPAT /IMPLIB:"D:\Orange\toys\VIR_me\Debug\VIR_me.lib" /MACHINE:X86 Debug\main.obj
         Debug\readfile.obj
         LINK : 没有找到 D:\Orange\toys\VIR_me\Debug\VIR_me.exe 或上一个增量链接没有生成它；正在执行完全链接
         cteset.vcxproj -> D:\Orange\toys\VIR_me\Debug\VIR_me.exe
       Manifest:
         C:\Program Files (x86)\Microsoft SDKs\Windows\v7.0A\bin\mt.exe /nologo /verbose /outputresource:"D:\Orange\toys\VIR_me\Debug\VIR_me.exe;#1" /manifest Debug\VIR_me.exe.intermediate.manifest
       FinalizeBuildStatus:
         正在删除文件“Debug\VIR_me.unsuccessfulbuild”。
         正在对“Debug\VIR_me.lastbuildstate”执行 Touch 任务。
     1>已完成生成项目“D:\Orange\toys\VIR_me\cteset\cteset.vcxproj”(build 个目标)的操作。

生成成功。

已用时间 00:00:04.28
